<?xml version="1.0" encoding="UTF-8"?>
<testng-results ignored="0" total="3" passed="3" failed="0" skipped="0">
  <reporter-output>
  </reporter-output>
  <suite started-at="2026-05-26T15:37:29 IST" name="Suite" finished-at="2026-05-26T15:37:39 IST" duration-ms="10113">
    <groups>
    </groups>
    <test started-at="2026-05-26T15:37:29 IST" name="EdgeTest" finished-at="2026-05-26T15:37:35 IST" duration-ms="6903">
      <class name="TestCase.TC001_AcctRegistration">
        <test-method is-config="true" signature="setup_driver(java.lang.String,java.lang.String)[pri:0, instance:TestCase.TC001_AcctRegistration@a1153bc]" started-at="2026-05-26T15:37:29 IST" name="setup_driver" finished-at="2026-05-26T15:37:32 IST" duration-ms="2977" status="PASS">
          <params>
            <param index="0">
              <value>
                <![CDATA[edge]]>
              </value>
            </param>
            <param index="1">
              <value>
                <![CDATA[windows]]>
              </value>
            </param>
          </params>
          <reporter-output>
          </reporter-output>
        </test-method> <!-- setup_driver -->
        <test-method signature="acct_registration()[pri:0, instance:TestCase.TC001_AcctRegistration@a1153bc]" started-at="2026-05-26T15:37:32 IST" name="acct_registration" finished-at="2026-05-26T15:37:35 IST" duration-ms="3466" status="PASS">
          <reporter-output>
          </reporter-output>
        </test-method> <!-- acct_registration -->
        <test-method is-config="true" signature="driver_teardown()[pri:0, instance:TestCase.TC001_AcctRegistration@a1153bc]" started-at="2026-05-26T15:37:35 IST" name="driver_teardown" finished-at="2026-05-26T15:37:35 IST" duration-ms="385" status="PASS">
          <reporter-output>
          </reporter-output>
        </test-method> <!-- driver_teardown -->
      </class> <!-- TestCase.TC001_AcctRegistration -->
    </test> <!-- EdgeTest -->
    <test started-at="2026-05-26T15:37:29 IST" name="ChromeTest" finished-at="2026-05-26T15:37:35 IST" duration-ms="6948">
      <class name="TestCase.TC001_AcctRegistration">
        <test-method is-config="true" signature="setup_driver(java.lang.String,java.lang.String)[pri:0, instance:TestCase.TC001_AcctRegistration@6adbc9d]" started-at="2026-05-26T15:37:29 IST" name="setup_driver" finished-at="2026-05-26T15:37:32 IST" duration-ms="3118" status="PASS">
          <params>
            <param index="0">
              <value>
                <![CDATA[chrome]]>
              </value>
            </param>
            <param index="1">
              <value>
                <![CDATA[windows]]>
              </value>
            </param>
          </params>
          <reporter-output>
          </reporter-output>
        </test-method> <!-- setup_driver -->
        <test-method signature="acct_registration()[pri:0, instance:TestCase.TC001_AcctRegistration@6adbc9d]" started-at="2026-05-26T15:37:32 IST" name="acct_registration" finished-at="2026-05-26T15:37:35 IST" duration-ms="3403" status="PASS">
          <reporter-output>
          </reporter-output>
        </test-method> <!-- acct_registration -->
        <test-method is-config="true" signature="driver_teardown()[pri:0, instance:TestCase.TC001_AcctRegistration@6adbc9d]" started-at="2026-05-26T15:37:35 IST" name="driver_teardown" finished-at="2026-05-26T15:37:35 IST" duration-ms="400" status="PASS">
          <reporter-output>
          </reporter-output>
        </test-method> <!-- driver_teardown -->
      </class> <!-- TestCase.TC001_AcctRegistration -->
    </test> <!-- ChromeTest -->
    <test started-at="2026-05-26T15:37:29 IST" name="Firefoxtext" finished-at="2026-05-26T15:37:39 IST" duration-ms="10113">
      <class name="TestCase.TC001_AcctRegistration">
        <test-method is-config="true" signature="setup_driver(java.lang.String,java.lang.String)[pri:0, instance:TestCase.TC001_AcctRegistration@47eaca72]" started-at="2026-05-26T15:37:29 IST" name="setup_driver" finished-at="2026-05-26T15:37:37 IST" duration-ms="8015" status="PASS">
          <params>
            <param index="0">
              <value>
                <![CDATA[firefox]]>
              </value>
            </param>
            <param index="1">
              <value>
                <![CDATA[windows]]>
              </value>
            </param>
          </params>
          <reporter-output>
          </reporter-output>
        </test-method> <!-- setup_driver -->
        <test-method signature="acct_registration()[pri:0, instance:TestCase.TC001_AcctRegistration@47eaca72]" started-at="2026-05-26T15:37:37 IST" name="acct_registration" finished-at="2026-05-26T15:37:38 IST" duration-ms="1401" status="PASS">
          <reporter-output>
          </reporter-output>
        </test-method> <!-- acct_registration -->
        <test-method is-config="true" signature="driver_teardown()[pri:0, instance:TestCase.TC001_AcctRegistration@47eaca72]" started-at="2026-05-26T15:37:38 IST" name="driver_teardown" finished-at="2026-05-26T15:37:39 IST" duration-ms="671" status="PASS">
          <reporter-output>
          </reporter-output>
        </test-method> <!-- driver_teardown -->
      </class> <!-- TestCase.TC001_AcctRegistration -->
    </test> <!-- Firefoxtext -->
  </suite> <!-- Suite -->
</testng-results>
