<?xml version="1.0" encoding="UTF-8"?>
<testng-results ignored="0" total="1" passed="1" failed="0" skipped="0">
  <reporter-output>
  </reporter-output>
  <suite started-at="2026-05-26T11:44:14 IST" name="Suite" finished-at="2026-05-26T11:44:19 IST" duration-ms="4997">
    <groups>
    </groups>
    <test started-at="2026-05-26T11:44:14 IST" name="Test" finished-at="2026-05-26T11:44:19 IST" duration-ms="4997">
      <class name="TestCase.TC001_AcctRegistration">
        <test-method is-config="true" signature="setup_driver(java.lang.String,java.lang.String)[pri:0, instance:TestCase.TC001_AcctRegistration@6adbc9d]" started-at="2026-05-26T11:44:14 IST" name="setup_driver" finished-at="2026-05-26T11:44:17 IST" duration-ms="2444" status="PASS">
          <params>
            <param index="0">
              <value>
                <![CDATA[chrome]]>
              </value>
            </param>
            <param index="1">
              <value>
                <![CDATA[windows]]>
              </value>
            </param>
          </params>
          <reporter-output>
          </reporter-output>
        </test-method> <!-- setup_driver -->
        <test-method signature="acct_registration()[pri:0, instance:TestCase.TC001_AcctRegistration@6adbc9d]" started-at="2026-05-26T11:44:17 IST" name="acct_registration" finished-at="2026-05-26T11:44:19 IST" duration-ms="2184" status="PASS">
          <reporter-output>
          </reporter-output>
        </test-method> <!-- acct_registration -->
        <test-method is-config="true" signature="driver_teardown()[pri:0, instance:TestCase.TC001_AcctRegistration@6adbc9d]" started-at="2026-05-26T11:44:19 IST" name="driver_teardown" finished-at="2026-05-26T11:44:19 IST" duration-ms="339" status="PASS">
          <reporter-output>
          </reporter-output>
        </test-method> <!-- driver_teardown -->
      </class> <!-- TestCase.TC001_AcctRegistration -->
    </test> <!-- Test -->
  </suite> <!-- Suite -->
</testng-results>
