<?xml version="1.0" encoding="UTF-8"?>
<!-- Generated by org.testng.reporters.JUnitReportReporter -->
<testsuite hostname="LAPTOP-9AFG13RK" failures="0" tests="3" name="TestCase.TC001_AcctRegistration" time="8.270" errors="0" timestamp="2026-05-26T15:37:39 IST" skipped="0">
  <testcase classname="TestCase.TC001_AcctRegistration" name="acct_registration" time="3.403"/>
  <testcase classname="TestCase.TC001_AcctRegistration" name="acct_registration" time="1.401"/>
  <testcase classname="TestCase.TC001_AcctRegistration" name="acct_registration" time="3.466"/>
</testsuite> <!-- TestCase.TC001_AcctRegistration -->
